<?xml version="1.0" encoding="UTF-8"?>
<!-- Generated by org.testng.reporters.JUnitReportReporter -->
<testsuite hostname="Srinath" failures="0" tests="2" name="org.mln.testcases.AmazonHomePageTest" time="26.579" errors="0" timestamp="2022-12-19T16:03:17 EST" skipped="0">
  <testcase classname="org.mln.testcases.AmazonHomePageTest" name="verifyAmazonHamburgerSubMenuPageTitle1" time="12.276"/>
  <system-out/>
  <testcase classname="org.mln.testcases.AmazonHomePageTest" name="verifyAmazonHamburgerSubMenuPageTitle2" time="14.303"/>
  <system-out/>
</testsuite> <!-- org.mln.testcases.AmazonHomePageTest -->
